********************************LISTAR********************************
[0]
[1] PAPD121112
[2]
[3] ABSG200220
[4]
[5] GXRG060201
[6]
[7] AKUU230814
[8]
[9] ACHO211109
[10]
[11] LQWK150922 MJBI080913
[12] FAMD090101
[13]
[14]
[15]
[16]
[17] ECKY071103 LFSJ210803
[18]
[19]
[20]
[21]
[22] BYPI090206
[23]
[24] AALO131103 RFFW060410
[25] ESHQ191100 GSBZ050300
[26]
[27] LWHD030301
[28]
[29] FUAD150505 LLAA190501
[30] JHKM040120
[31] EOBY191107
[32]
[33]
[34]
[35]
[36] SCYW190503
[37]
[38]
[39]
[40]
[41]
[42]
[43]
[44]
[45] GGKB250708
[46]
[47] AFWE240311 BSLN101214 EAGR060302
[48] RDKA070713
[49]
[50]
[51]
[52] EMUH211217
[53]
[54]
[55] LWND141201 TAQC190312
[56]
[57] LPBB241020
[58] LFRQ250702
[59]
[60]
[61] LFVM170711
[62]
[63]
[64]
[65] LBMG170608
[66]
[67] PXPU081000
[68] JHSV160515 JSUR091120
[69]
[70] JMTL041120 JTFC210205 MYAB180704 RQSG180810
********************************ALTERAR*******************************
Registro(s) nao encontrado!
FALHA AO REALIZAR OPERACAO!
********************************ALTERAR*******************************
OPERACAO REALIZADA COM SUCESSO!
********************************ALTERAR*******************************
OPERACAO REALIZADA COM SUCESSO!
**********************EXCLUIR*********************
OPERACAO REALIZADA COM SUCESSO!
********************************ALTERAR*******************************
Registro(s) nao encontrado!
FALHA AO REALIZAR OPERACAO!
********************************BUSCAR********************************
EAGR060302
EDUARDO COSTA
M
20/03/1994
(68) 58446-3289
UNO
AGR-9836
06/03/19
02:20
131.24
4
COTIA, OSASCO, RIO DE JANEIRO, SAO JOSE DOS CAMPOS, SAO PAULO, SOROCABA
**********************EXCLUIR*********************
OPERACAO REALIZADA COM SUCESSO!
Registro GUUI010813 inserido com sucesso.

Registro MWVX260421 inserido com sucesso.

********************************ALTERAR*******************************
Registro(s) nao encontrado!
FALHA AO REALIZAR OPERACAO!
**********************EXCLUIR*********************
OPERACAO REALIZADA COM SUCESSO!
Registro JNCV191012 inserido com sucesso.

Registro EFBI211115 inserido com sucesso.

Registro GACZ121204 inserido com sucesso.

**********************EXCLUIR*********************
OPERACAO REALIZADA COM SUCESSO!
********************************ALTERAR*******************************
OPERACAO REALIZADA COM SUCESSO!
Registro GFVT130420 inserido com sucesso.

Registro PQZN061219 inserido com sucesso.

********************************LISTAR********************************
[0]
[1] PAPD121112
[2]
[3] ABSG200220
[4]
[5] GXRG060201
[6]
[7] AKUU230814
[8]
[9] ACHO211109
[10]
[11] LQWK150922 MJBI080913
[12] FAMD090101
[13]
[14]
[15]
[16]
[17] ECKY071103 JNCV191012 LFSJ210803
[18]
[19]
[20]
[21]
[22] BYPI090206
[23]
[24] AALO131103 RFFW060410
[25] ESHQ191100 GSBZ050300
[26]
[27]
[28]
[29] FUAD150505 LLAA190501
[30] JHKM040120
[31]
[32]
[33]
[34] GUUI010813
[35]
[36] GFVT130420 SCYW190503
[37]
[38]
[39]
[40]
[41]
[42]
[43]
[44] MWVX260421
[45] GGKB250708
[46]
[47] AFWE240311 BSLN101214 EAGR060302
[48] EFBI211115 RDKA070713
[49] GACZ121204
[50]
[51]
[52] EMUH211217
[53]
[54]
[55] LWND141201 TAQC190312
[56]
[57] LPBB241020
[58] LFRQ250702
[59] PQZN061219
[60]
[61] LFVM170711
[62]
[63]
[64]
[65] LBMG170608
[66]
[67] PXPU081000
[68] JHSV160515 JSUR091120
[69]
[70] MYAB180704 RQSG180810
**********************EXCLUIR*********************
OPERACAO REALIZADA COM SUCESSO!
Registro ATYF200222 inserido com sucesso.

********************************ALTERAR*******************************
Registro(s) nao encontrado!
FALHA AO REALIZAR OPERACAO!
********************************LISTAR********************************
[0]
[1] PAPD121112
[2]
[3] ABSG200220
[4]
[5] GXRG060201
[6]
[7] AKUU230814
[8]
[9] ACHO211109
[10]
[11] LQWK150922 MJBI080913
[12] FAMD090101
[13]
[14]
[15]
[16]
[17] ECKY071103 JNCV191012 LFSJ210803
[18]
[19]
[20]
[21]
[22] BYPI090206
[23]
[24] AALO131103 RFFW060410
[25] ESHQ191100 GSBZ050300
[26]
[27]
[28]
[29] FUAD150505 LLAA190501
[30] JHKM040120
[31]
[32]
[33]
[34] GUUI010813
[35]
[36] GFVT130420
[37]
[38]
[39]
[40]
[41]
[42]
[43]
[44] MWVX260421
[45] GGKB250708
[46]
[47] AFWE240311 BSLN101214 EAGR060302
[48] EFBI211115 RDKA070713
[49] GACZ121204
[50]
[51]
[52] EMUH211217
[53] ATYF200222
[54]
[55] LWND141201 TAQC190312
[56]
[57] LPBB241020
[58] LFRQ250702
[59] PQZN061219
[60]
[61] LFVM170711
[62]
[63]
[64]
[65] LBMG170608
[66]
[67] PXPU081000
[68] JHSV160515 JSUR091120
[69]
[70] MYAB180704 RQSG180810
Registro MFPW210809 inserido com sucesso.

********************************LISTAR********************************
[0]
[1] PAPD121112
[2]
[3] ABSG200220
[4]
[5] GXRG060201
[6]
[7] AKUU230814
[8]
[9] ACHO211109
[10]
[11] LQWK150922 MJBI080913
[12] FAMD090101
[13]
[14]
[15]
[16]
[17] ECKY071103 JNCV191012 LFSJ210803
[18]
[19]
[20]
[21]
[22] BYPI090206
[23]
[24] AALO131103 RFFW060410
[25] ESHQ191100 GSBZ050300
[26]
[27]
[28]
[29] FUAD150505 LLAA190501
[30] JHKM040120
[31]
[32]
[33]
[34] GUUI010813
[35]
[36] GFVT130420
[37]
[38]
[39]
[40]
[41]
[42]
[43]
[44] MWVX260421
[45] GGKB250708
[46]
[47] AFWE240311 BSLN101214 EAGR060302
[48] EFBI211115 RDKA070713
[49] GACZ121204
[50]
[51]
[52] EMUH211217
[53] ATYF200222
[54]
[55] LWND141201 TAQC190312
[56]
[57] LPBB241020
[58] LFRQ250702
[59] PQZN061219
[60]
[61] LFVM170711 MFPW210809
[62]
[63]
[64]
[65] LBMG170608
[66]
[67] PXPU081000
[68] JHSV160515 JSUR091120
[69]
[70] MYAB180704 RQSG180810
********************************BUSCAR********************************
ATYF200222
ALEXANDRE O MAIS OU MENOS
M
22/09/1990
(17) 34178-4858
CIVIC
TYF-2831
20/02/19
22:33
077.42
2
LORENA, OSASCO, SOROCABA
********************************LISTAR********************************
[0]
[1] PAPD121112
[2]
[3] ABSG200220
[4]
[5] GXRG060201
[6]
[7] AKUU230814
[8]
[9] ACHO211109
[10]
[11] LQWK150922 MJBI080913
[12] FAMD090101
[13]
[14]
[15]
[16]
[17] ECKY071103 JNCV191012 LFSJ210803
[18]
[19]
[20]
[21]
[22] BYPI090206
[23]
[24] AALO131103 RFFW060410
[25] ESHQ191100 GSBZ050300
[26]
[27]
[28]
[29] FUAD150505 LLAA190501
[30] JHKM040120
[31]
[32]
[33]
[34] GUUI010813
[35]
[36] GFVT130420
[37]
[38]
[39]
[40]
[41]
[42]
[43]
[44] MWVX260421
[45] GGKB250708
[46]
[47] AFWE240311 BSLN101214 EAGR060302
[48] EFBI211115 RDKA070713
[49] GACZ121204
[50]
[51]
[52] EMUH211217
[53] ATYF200222
[54]
[55] LWND141201 TAQC190312
[56]
[57] LPBB241020
[58] LFRQ250702
[59] PQZN061219
[60]
[61] LFVM170711 MFPW210809
[62]
[63]
[64]
[65] LBMG170608
[66]
[67] PXPU081000
[68] JHSV160515 JSUR091120
[69]
[70] MYAB180704 RQSG180810
**********************EXCLUIR*********************
OPERACAO REALIZADA COM SUCESSO!
